[main eaa438f] Auto-commit: 2026-03-25 13:20:01
 3 files changed, 22 insertions(+)
 create mode 100644 auto-commit.log
 create mode 100755 auto-commit.sh
 create mode 100644 ecosystem.config.js
To https://github.com/jdiveley/beyondalphagal.git
   4db1a12..eaa438f  main -> main
[main adc6b8a] Auto-commit: 2026-03-25 13:30:01
 1 file changed, 7 insertions(+)
To https://github.com/jdiveley/beyondalphagal.git
   eaa438f..adc6b8a  main -> main
[main c468d47] Auto-commit: 2026-03-25 13:40:01
 1 file changed, 4 insertions(+)
To https://github.com/jdiveley/beyondalphagal.git
   adc6b8a..c468d47  main -> main
[main 62d365c] Auto-commit: 2026-03-25 13:50:01
 1 file changed, 4 insertions(+)
To https://github.com/jdiveley/beyondalphagal.git
   c468d47..62d365c  main -> main
[main abdbe6b] Auto-commit: 2026-03-25 14:00:01
 1 file changed, 4 insertions(+)
To https://github.com/jdiveley/beyondalphagal.git
   62d365c..abdbe6b  main -> main
[main 0115eac] Auto-commit: 2026-03-25 14:10:01
 1 file changed, 4 insertions(+)
To https://github.com/jdiveley/beyondalphagal.git
   abdbe6b..0115eac  main -> main
[main 7cca1e0] Auto-commit: 2026-03-25 14:20:01
 1 file changed, 4 insertions(+)
To https://github.com/jdiveley/beyondalphagal.git
   0115eac..7cca1e0  main -> main
